<?xml version="1.0" encoding="UTF-8"?>
<testng-results ignored="1" total="2" passed="1" failed="0" skipped="0">
  <reporter-output>
  </reporter-output>
  <suite started-at="2023-05-04T17:00:09 IST" name="All Test Suite" finished-at="2023-05-04T17:00:15 IST" duration-ms="6179">
    <groups>
    </groups>
    <test started-at="2023-05-04T17:00:09 IST" name="C:/Users/lenovo/Downloads/SeleniumFrameworkDesign/PayO" finished-at="2023-05-04T17:00:15 IST" duration-ms="6179">
      <class name="LoginTest">
        <test-method is-config="true" signature="setup()[pri:0, instance:LoginTest@25df00a0]" started-at="2023-05-04T17:00:09 IST" name="setup" finished-at="2023-05-04T17:00:13 IST" duration-ms="4304" status="PASS">
          <reporter-output>
          </reporter-output>
        </test-method> <!-- setup -->
        <test-method signature="Login()[pri:0, instance:LoginTest@25df00a0]" started-at="2023-05-04T17:00:13 IST" name="Login" finished-at="2023-05-04T17:00:15 IST" duration-ms="1814" status="PASS">
          <reporter-output>
          </reporter-output>
        </test-method> <!-- Login -->
      </class> <!-- LoginTest -->
    </test> <!-- C:/Users/lenovo/Downloads/SeleniumFrameworkDesign/PayO -->
  </suite> <!-- All Test Suite -->
</testng-results>
