<?xml version="1.0" encoding="UTF-8"?>
<testng-results ignored="0" total="3" passed="3" failed="0" skipped="0">
  <reporter-output>
  </reporter-output>
  <suite started-at="2023-05-05T17:44:23 IST" name="All Test Suite" finished-at="2023-05-05T17:44:38 IST" duration-ms="15029">
    <groups>
      <group name="cucumber">
        <method signature="AbstractTestNGCucumberTests.runScenario(io.cucumber.testng.PickleWrapper,io.cucumber.testng.FeatureWrapper)[pri:0, instance:Features.TestRunnerClass@16eb3ea3]" name="runScenario" class="io.cucumber.testng.AbstractTestNGCucumberTests"/>
      </group> <!-- cucumber -->
    </groups>
    <test started-at="2023-05-05T17:44:23 IST" name="C:/Users/lenovo/Downloads/SeleniumFrameworkDesign/PayO" finished-at="2023-05-05T17:44:38 IST" duration-ms="15029">
      <class name="Features.TestRunnerClass">
        <test-method is-config="true" signature="setUpClass(org.testng.ITestContext)[pri:0, instance:Features.TestRunnerClass@16eb3ea3]" started-at="2023-05-05T17:44:23 IST" name="setUpClass" finished-at="2023-05-05T17:44:23 IST" duration-ms="513" status="PASS">
          <params>
            <param index="0">
              <value>
                <![CDATA[org.testng.TestRunner@59c04bee]]>
              </value>
            </param>
          </params>
          <reporter-output>
          </reporter-output>
        </test-method> <!-- setUpClass -->
        <test-method signature="runScenario(io.cucumber.testng.PickleWrapper,io.cucumber.testng.FeatureWrapper)[pri:0, instance:Features.TestRunnerClass@16eb3ea3]" started-at="2023-05-05T17:44:23 IST" name="runScenario" description="Runs Cucumber Scenarios" data-provider="scenarios" finished-at="2023-05-05T17:44:29 IST" duration-ms="5972" status="PASS">
          <params>
            <param index="0">
              <value>
                <![CDATA["Login using credentials"]]>
              </value>
            </param>
            <param index="1">
              <value>
                <![CDATA["Login to PayO"]]>
              </value>
            </param>
          </params>
          <reporter-output>
          </reporter-output>
        </test-method> <!-- runScenario -->
        <test-method signature="runScenario(io.cucumber.testng.PickleWrapper,io.cucumber.testng.FeatureWrapper)[pri:0, instance:Features.TestRunnerClass@16eb3ea3]" started-at="2023-05-05T17:44:29 IST" name="runScenario" description="Runs Cucumber Scenarios" data-provider="scenarios" finished-at="2023-05-05T17:44:33 IST" duration-ms="4344" status="PASS">
          <params>
            <param index="0">
              <value>
                <![CDATA["Login using credentials"]]>
              </value>
            </param>
            <param index="1">
              <value>
                <![CDATA["Login to PayO"]]>
              </value>
            </param>
          </params>
          <reporter-output>
          </reporter-output>
        </test-method> <!-- runScenario -->
        <test-method signature="runScenario(io.cucumber.testng.PickleWrapper,io.cucumber.testng.FeatureWrapper)[pri:0, instance:Features.TestRunnerClass@16eb3ea3]" started-at="2023-05-05T17:44:33 IST" name="runScenario" description="Runs Cucumber Scenarios" data-provider="scenarios" finished-at="2023-05-05T17:44:38 IST" duration-ms="4127" status="PASS">
          <params>
            <param index="0">
              <value>
                <![CDATA["Login using credentials"]]>
              </value>
            </param>
            <param index="1">
              <value>
                <![CDATA["Login to PayO"]]>
              </value>
            </param>
          </params>
          <reporter-output>
          </reporter-output>
        </test-method> <!-- runScenario -->
        <test-method is-config="true" signature="tearDownClass()[pri:0, instance:Features.TestRunnerClass@16eb3ea3]" started-at="2023-05-05T17:44:38 IST" name="tearDownClass" finished-at="2023-05-05T17:44:38 IST" duration-ms="27" status="PASS">
          <reporter-output>
          </reporter-output>
        </test-method> <!-- tearDownClass -->
      </class> <!-- Features.TestRunnerClass -->
    </test> <!-- C:/Users/lenovo/Downloads/SeleniumFrameworkDesign/PayO -->
  </suite> <!-- All Test Suite -->
</testng-results>
